[+] Containers:
 |- [+] Container: /Game/FirstPerson/Maps/FirstPersonMap
 |   |- [+] ActorDescs:
 |   |   |- Guid:1ED8259A4147120593014482D53AE7FE BaseClass:/Game/Blueprints/BP_WallLight.BP_WallLight_C NativeClass:/Script/Engine.Actor Name:BP_WallLight_C_UAID_30D042E7E61977F101_1195523608 Label:BP_WallLightRed2 SpatiallyLoaded:1 Bounds:IsValid=true, Min=(X=-940.729 Y=2089.109 Z=1082.182), Max=(X=-871.669 Y=2134.058 Z=1177.955) RuntimeGrid:None EditorOnly:0 RuntimeOnly:0 HLODRelevant:0
 |   |   |- Guid:28289D0C4A21C2B878E569AE737F1853 BaseClass:/Game/Blueprints/BP_WallLight.BP_WallLight_C NativeClass:/Script/Engine.Actor Name:BP_WallLight_C_UAID_30D042E7E61975F101_2130206254 Label:BP_WallLightWhite SpatiallyLoaded:1 Bounds:IsValid=true, Min=(X=-697.518 Y=4800.582 Z=554.439), Max=(X=-652.569 Y=4869.642 Z=650.212) RuntimeGrid:None EditorOnly:0 RuntimeOnly:0 HLODRelevant:0
 |   |   |- Guid:57F12C8B4AE48E7E275ADAAA873367B2 BaseClass: NativeClass:/Script/Engine.StaticMeshActor Name:StaticMeshActor_UAID_30D042E7E61973F101_2097851896 Label:SM_Barrel SpatiallyLoaded:1 Bounds:IsValid=true, Min=(X=-1056.305 Y=2487.041 Z=270.000), Max=(X=-978.867 Y=2563.303 Z=404.943) RuntimeGrid:None EditorOnly:0 RuntimeOnly:0 HLODRelevant:1
 |   |   |- Guid:5DF3A51742D9A2C6F5DCA89BC30D42AC BaseClass: NativeClass:/Script/Engine.StaticMeshActor Name:StaticMeshActor_UAID_30D042E7E61973F101_2123223897 Label:SM_Pipe_Straight SpatiallyLoaded:1 Bounds:IsValid=true, Min=(X=-1319.312 Y=2233.332 Z=248.600), Max=(X=-1095.323 Y=3210.031 Z=574.965) RuntimeGrid:None EditorOnly:0 RuntimeOnly:0 HLODRelevant:1
 |   |   |- Guid:5FE7584649BB6F09265329A6C57CFD0D BaseClass: NativeClass:/Script/Engine.VolumetricCloud Name:VolumetricCloud_0 Label:VolumetricCloud SpatiallyLoaded:0 Bounds:IsValid=true, Min=(X=-150.000 Y=0.000 Z=820.000), Max=(X=-150.000 Y=0.000 Z=820.000) RuntimeGrid:None EditorOnly:0 RuntimeOnly:0 HLODRelevant:0 FolderPath:Lighting FolderGuid:0BA5F0A04EADB18E70D5B180D08FA34B
 |   |   |- Guid:61391D344900612A77DFC3BA3E354907 BaseClass: NativeClass:/Script/Engine.ExponentialHeightFog Name:ExponentialHeightFog_0 Label:ExponentialHeightFog SpatiallyLoaded:0 Bounds:IsValid=true, Min=(X=-5600.000 Y=-50.000 Z=3810.000), Max=(X=-5600.000 Y=-50.000 Z=3810.000) RuntimeGrid:None EditorOnly:0 RuntimeOnly:0 HLODRelevant:0 FolderPath:Lighting FolderGuid:0BA5F0A04EADB18E70D5B180D08FA34B
 |   |   |- Guid:6FEFB3BD4EB37B849EF0D4AC80F83855 BaseClass: NativeClass:/Script/Engine.WorldDataLayers Name:WorldDataLayers Label:WorldDataLayers SpatiallyLoaded:0 Bounds:IsValid=true, Min=(X=0.000 Y=0.000 Z=0.000), Max=(X=0.000 Y=0.000 Z=0.000) RuntimeGrid:None EditorOnly:0 RuntimeOnly:0 HLODRelevant:0
 |   |   |- Guid:78CAF7514C7533F30BD2F19A017AAB65 BaseClass: NativeClass:/Script/Engine.StaticMeshActor Name:StaticMeshActor_0 Label:SM_Cube SpatiallyLoaded:1 Bounds:IsValid=true, Min=(X=-1780.000 Y=-4530.000 Z=220.000), Max=(X=4845.000 Y=10345.000 Z=270.000) RuntimeGrid:None EditorOnly:0 RuntimeOnly:0 HLODRelevant:1 FolderPath:Playground FolderGuid:6C02BB504B69D1F3D7A624B130C18E5B
 |   |   |- Guid:7D7AFB2445C76EEF908C58A6F7EBB35B BaseClass:/Game/Blueprints/BP_BoosterPickup.BP_BoosterPickup_C NativeClass:/Script/Engine.Actor Name:BP_BoosterPickup_C_UAID_30D042E92CDE1CEB01_1488634251 Label:BP_BoosterPickup SpatiallyLoaded:1 Bounds:IsValid=true, Min=(X=369.800 Y=1106.672 Z=292.024), Max=(X=430.458 Y=1162.835 Z=356.188) RuntimeGrid:None EditorOnly:0 RuntimeOnly:0 HLODRelevant:0
 |   |   |- Guid:88764A474BD54AAE78D17C81AAE9F279 BaseClass:/Game/Blueprints/BP_CielingLight.BP_CielingLight_C NativeClass:/Script/Engine.Actor Name:BP_CielingLight_C_UAID_30D042E7E61978F101_2034606787 Label:BP_CielingLight2 SpatiallyLoaded:1 Bounds:IsValid=true, Min=(X=-701.571 Y=2794.320 Z=963.825), Max=(X=-638.325 Y=2932.566 Z=1012.239) RuntimeGrid:None EditorOnly:0 RuntimeOnly:0 HLODRelevant:0
 |   |   |- Guid:A354B1B24E617A525DC6B48CCDE2417E BaseClass: NativeClass:/Script/Engine.PlayerStart Name:PlayerStart_0 Label:PlayerStart SpatiallyLoaded:0 Bounds:IsValid=true, Min=(X=-710.443 Y=4619.362 Z=280.013), Max=(X=-630.443 Y=4699.362 Z=464.013) RuntimeGrid:None EditorOnly:0 RuntimeOnly:0 HLODRelevant:0
 |   |   |- Guid:AD536206410D7A08815A1AB6BF141368 BaseClass:/Game/Blueprints/BP_BoosterPickup.BP_BoosterPickup_C NativeClass:/Script/Engine.Actor Name:BP_BoosterPickup_C_UAID_30D042E7E61978F101_1825398786 Label:BP_BoosterPickup2 SpatiallyLoaded:1 Bounds:IsValid=true, Min=(X=-1293.981 Y=2363.833 Z=1020.097), Max=(X=-1233.322 Y=2419.997 Z=1084.261) RuntimeGrid:None EditorOnly:0 RuntimeOnly:0 HLODRelevant:0
 |   |   |- Guid:BE5F734443CDDA9DAE9C1B96739B8ADD BaseClass:/Game/Blueprints/BP_CielingLight.BP_CielingLight_C NativeClass:/Script/Engine.Actor Name:BP_CielingLight_C_UAID_30D042E7E61975F101_1308880253 Label:BP_CielingLight SpatiallyLoaded:1 Bounds:IsValid=true, Min=(X=-701.571 Y=3756.439 Z=669.795), Max=(X=-638.325 Y=3894.686 Z=718.210) RuntimeGrid:None EditorOnly:0 RuntimeOnly:0 HLODRelevant:0
 |   |   |- Guid:C0C56B9644AE3D40CAFF6A878DB29844 BaseClass: NativeClass:/Script/Engine.StaticMeshActor Name:StaticMeshActor_UAID_A4AE111137DC5EFB00_2001720423 Label:SM_SkySphere SpatiallyLoaded:0 Bounds:IsValid=true, Min=(X=-1638400.000 Y=-1638400.000 Z=-1638400.000), Max=(X=1638400.000 Y=1638400.000 Z=1638400.000) RuntimeGrid:None EditorOnly:0 RuntimeOnly:0 HLODRelevant:1 FolderPath:Lighting FolderGuid:0BA5F0A04EADB18E70D5B180D08FA34B
 |   |   |- Guid:C22CE07C4B87D685137FDBBC10FC92C6 BaseClass: NativeClass:/Script/Engine.SkyAtmosphere Name:SkyAtmosphere_0 Label:SkyAtmosphere SpatiallyLoaded:0 Bounds:IsValid=true, Min=(X=-170.000 Y=0.000 Z=1020.000), Max=(X=-170.000 Y=0.000 Z=1020.000) RuntimeGrid:None EditorOnly:0 RuntimeOnly:0 HLODRelevant:0 FolderPath:Lighting FolderGuid:0BA5F0A04EADB18E70D5B180D08FA34B
 |   |   |- Guid:CE8D82634660FCDB3120E2B8D547C533 BaseClass: NativeClass:/Script/Engine.PostProcessVolume Name:PostProcessVolume_0 Label:PostProcessVolume SpatiallyLoaded:0 Bounds:IsValid=true, Min=(X=0.000 Y=0.000 Z=400.000), Max=(X=200.000 Y=200.000 Z=600.000) RuntimeGrid:None EditorOnly:0 RuntimeOnly:0 HLODRelevant:0 FolderPath:Lighting FolderGuid:0BA5F0A04EADB18E70D5B180D08FA34B
 |   |   |- Guid:D04E3E3542E1B2057C01DD8DFA1DFB66 BaseClass: NativeClass:/Script/Engine.StaticMeshActor Name:StaticMeshActor_UAID_30D042E7E61974F101_1244372075 Label:SM_EntranceDoor SpatiallyLoaded:1 Bounds:IsValid=true, Min=(X=-749.912 Y=4879.064 Z=270.539), Max=(X=-610.088 Y=4905.217 Z=562.001) RuntimeGrid:None EditorOnly:0 RuntimeOnly:0 HLODRelevant:1
 |   |   |- Guid:D47F88534241C87BBB3253A30C5B49BD BaseClass:/Game/Blueprints/BP_WallLight.BP_WallLight_C NativeClass:/Script/Engine.Actor Name:BP_WallLight_C_UAID_30D042E7E61976F101_1987273431 Label:BP_WallLightRed SpatiallyLoaded:1 Bounds:IsValid=true, Min=(X=-154.059 Y=3979.921 Z=1059.369), Max=(X=-84.999 Y=4024.870 Z=1155.143) RuntimeGrid:None EditorOnly:0 RuntimeOnly:0 HLODRelevant:0
 |   |   |- Guid:E5320C1B4FD9764CE7B54D8487AEC613 BaseClass: NativeClass:/Script/Engine.SkyLight Name:SkyLight_0 Label:SkyLight SpatiallyLoaded:0 Bounds:IsValid=true, Min=(X=-210.000 Y=-170.000 Z=690.000), Max=(X=-210.000 Y=-170.000 Z=690.000) RuntimeGrid:None EditorOnly:0 RuntimeOnly:0 HLODRelevant:0 FolderPath:Lighting FolderGuid:0BA5F0A04EADB18E70D5B180D08FA34B
 |   |   |- Guid:EA138B844D2D91B7798FE8B9AFDF963D BaseClass: NativeClass:/Script/Engine.StaticMeshActor Name:StaticMeshActor_UAID_30D042E7E61974F101_1073933074 Label:SM_Pipe_Bent SpatiallyLoaded:1 Bounds:IsValid=true, Min=(X=-1601.784 Y=3182.111 Z=255.890), Max=(X=-1092.257 Y=3635.244 Z=571.000) RuntimeGrid:None EditorOnly:0 RuntimeOnly:0 HLODRelevant:1
 |   |   |- Guid:F80621C9446867154938FE81375207DA BaseClass: NativeClass:/Script/Engine.DirectionalLight Name:DirectionalLight_1 Label:DirectionalLight SpatiallyLoaded:0 Bounds:IsValid=true, Min=(X=-4398046511104.000 Y=-4398046511104.000 Z=-4398046511104.000), Max=(X=4398046511104.000 Y=4398046511104.000 Z=4398046511104.000) RuntimeGrid:None EditorOnly:0 RuntimeOnly:0 HLODRelevant:0 FolderPath:Lighting FolderGuid:0BA5F0A04EADB18E70D5B180D08FA34B
 |   |- [+] Clusters:
 |   |   |- [+] [  0]
 |   |   |   |- Guid:61391D344900612A77DFC3BA3E354907 BaseClass: NativeClass:/Script/Engine.ExponentialHeightFog Name:ExponentialHeightFog_0 Label:ExponentialHeightFog SpatiallyLoaded:0 Bounds:IsValid=true, Min=(X=-5600.000 Y=-50.000 Z=3810.000), Max=(X=-5600.000 Y=-50.000 Z=3810.000) RuntimeGrid:None EditorOnly:0 RuntimeOnly:0 HLODRelevant:0 FolderPath:Lighting FolderGuid:0BA5F0A04EADB18E70D5B180D08FA34B
 |   |   |- [+] [  1]
 |   |   |   |- Guid:5FE7584649BB6F09265329A6C57CFD0D BaseClass: NativeClass:/Script/Engine.VolumetricCloud Name:VolumetricCloud_0 Label:VolumetricCloud SpatiallyLoaded:0 Bounds:IsValid=true, Min=(X=-150.000 Y=0.000 Z=820.000), Max=(X=-150.000 Y=0.000 Z=820.000) RuntimeGrid:None EditorOnly:0 RuntimeOnly:0 HLODRelevant:0 FolderPath:Lighting FolderGuid:0BA5F0A04EADB18E70D5B180D08FA34B
 |   |   |- [+] [  2]
 |   |   |   |- Guid:D47F88534241C87BBB3253A30C5B49BD BaseClass:/Game/Blueprints/BP_WallLight.BP_WallLight_C NativeClass:/Script/Engine.Actor Name:BP_WallLight_C_UAID_30D042E7E61976F101_1987273431 Label:BP_WallLightRed SpatiallyLoaded:1 Bounds:IsValid=true, Min=(X=-154.059 Y=3979.921 Z=1059.369), Max=(X=-84.999 Y=4024.870 Z=1155.143) RuntimeGrid:None EditorOnly:0 RuntimeOnly:0 HLODRelevant:0
 |   |   |- [+] [  3]
 |   |   |   |- Guid:F80621C9446867154938FE81375207DA BaseClass: NativeClass:/Script/Engine.DirectionalLight Name:DirectionalLight_1 Label:DirectionalLight SpatiallyLoaded:0 Bounds:IsValid=true, Min=(X=-4398046511104.000 Y=-4398046511104.000 Z=-4398046511104.000), Max=(X=4398046511104.000 Y=4398046511104.000 Z=4398046511104.000) RuntimeGrid:None EditorOnly:0 RuntimeOnly:0 HLODRelevant:0 FolderPath:Lighting FolderGuid:0BA5F0A04EADB18E70D5B180D08FA34B
 |   |   |- [+] [  4]
 |   |   |   |- Guid:28289D0C4A21C2B878E569AE737F1853 BaseClass:/Game/Blueprints/BP_WallLight.BP_WallLight_C NativeClass:/Script/Engine.Actor Name:BP_WallLight_C_UAID_30D042E7E61975F101_2130206254 Label:BP_WallLightWhite SpatiallyLoaded:1 Bounds:IsValid=true, Min=(X=-697.518 Y=4800.582 Z=554.439), Max=(X=-652.569 Y=4869.642 Z=650.212) RuntimeGrid:None EditorOnly:0 RuntimeOnly:0 HLODRelevant:0
 |   |   |- [+] [  5]
 |   |   |   |- Guid:57F12C8B4AE48E7E275ADAAA873367B2 BaseClass: NativeClass:/Script/Engine.StaticMeshActor Name:StaticMeshActor_UAID_30D042E7E61973F101_2097851896 Label:SM_Barrel SpatiallyLoaded:1 Bounds:IsValid=true, Min=(X=-1056.305 Y=2487.041 Z=270.000), Max=(X=-978.867 Y=2563.303 Z=404.943) RuntimeGrid:None EditorOnly:0 RuntimeOnly:0 HLODRelevant:1
 |   |   |- [+] [  6]
 |   |   |   |- Guid:E5320C1B4FD9764CE7B54D8487AEC613 BaseClass: NativeClass:/Script/Engine.SkyLight Name:SkyLight_0 Label:SkyLight SpatiallyLoaded:0 Bounds:IsValid=true, Min=(X=-210.000 Y=-170.000 Z=690.000), Max=(X=-210.000 Y=-170.000 Z=690.000) RuntimeGrid:None EditorOnly:0 RuntimeOnly:0 HLODRelevant:0 FolderPath:Lighting FolderGuid:0BA5F0A04EADB18E70D5B180D08FA34B
 |   |   |- [+] [  7]
 |   |   |   |- Guid:1ED8259A4147120593014482D53AE7FE BaseClass:/Game/Blueprints/BP_WallLight.BP_WallLight_C NativeClass:/Script/Engine.Actor Name:BP_WallLight_C_UAID_30D042E7E61977F101_1195523608 Label:BP_WallLightRed2 SpatiallyLoaded:1 Bounds:IsValid=true, Min=(X=-940.729 Y=2089.109 Z=1082.182), Max=(X=-871.669 Y=2134.058 Z=1177.955) RuntimeGrid:None EditorOnly:0 RuntimeOnly:0 HLODRelevant:0
 |   |   |- [+] [  8]
 |   |   |   |- Guid:78CAF7514C7533F30BD2F19A017AAB65 BaseClass: NativeClass:/Script/Engine.StaticMeshActor Name:StaticMeshActor_0 Label:SM_Cube SpatiallyLoaded:1 Bounds:IsValid=true, Min=(X=-1780.000 Y=-4530.000 Z=220.000), Max=(X=4845.000 Y=10345.000 Z=270.000) RuntimeGrid:None EditorOnly:0 RuntimeOnly:0 HLODRelevant:1 FolderPath:Playground FolderGuid:6C02BB504B69D1F3D7A624B130C18E5B
 |   |   |- [+] [  9]
 |   |   |   |- Guid:D04E3E3542E1B2057C01DD8DFA1DFB66 BaseClass: NativeClass:/Script/Engine.StaticMeshActor Name:StaticMeshActor_UAID_30D042E7E61974F101_1244372075 Label:SM_EntranceDoor SpatiallyLoaded:1 Bounds:IsValid=true, Min=(X=-749.912 Y=4879.064 Z=270.539), Max=(X=-610.088 Y=4905.217 Z=562.001) RuntimeGrid:None EditorOnly:0 RuntimeOnly:0 HLODRelevant:1
 |   |   |- [+] [ 10]
 |   |   |   |- Guid:A354B1B24E617A525DC6B48CCDE2417E BaseClass: NativeClass:/Script/Engine.PlayerStart Name:PlayerStart_0 Label:PlayerStart SpatiallyLoaded:0 Bounds:IsValid=true, Min=(X=-710.443 Y=4619.362 Z=280.013), Max=(X=-630.443 Y=4699.362 Z=464.013) RuntimeGrid:None EditorOnly:0 RuntimeOnly:0 HLODRelevant:0
 |   |   |- [+] [ 11]
 |   |   |   |- Guid:BE5F734443CDDA9DAE9C1B96739B8ADD BaseClass:/Game/Blueprints/BP_CielingLight.BP_CielingLight_C NativeClass:/Script/Engine.Actor Name:BP_CielingLight_C_UAID_30D042E7E61975F101_1308880253 Label:BP_CielingLight SpatiallyLoaded:1 Bounds:IsValid=true, Min=(X=-701.571 Y=3756.439 Z=669.795), Max=(X=-638.325 Y=3894.686 Z=718.210) RuntimeGrid:None EditorOnly:0 RuntimeOnly:0 HLODRelevant:0
 |   |   |- [+] [ 12]
 |   |   |   |- Guid:C22CE07C4B87D685137FDBBC10FC92C6 BaseClass: NativeClass:/Script/Engine.SkyAtmosphere Name:SkyAtmosphere_0 Label:SkyAtmosphere SpatiallyLoaded:0 Bounds:IsValid=true, Min=(X=-170.000 Y=0.000 Z=1020.000), Max=(X=-170.000 Y=0.000 Z=1020.000) RuntimeGrid:None EditorOnly:0 RuntimeOnly:0 HLODRelevant:0 FolderPath:Lighting FolderGuid:0BA5F0A04EADB18E70D5B180D08FA34B
 |   |   |- [+] [ 13]
 |   |   |   |- Guid:C0C56B9644AE3D40CAFF6A878DB29844 BaseClass: NativeClass:/Script/Engine.StaticMeshActor Name:StaticMeshActor_UAID_A4AE111137DC5EFB00_2001720423 Label:SM_SkySphere SpatiallyLoaded:0 Bounds:IsValid=true, Min=(X=-1638400.000 Y=-1638400.000 Z=-1638400.000), Max=(X=1638400.000 Y=1638400.000 Z=1638400.000) RuntimeGrid:None EditorOnly:0 RuntimeOnly:0 HLODRelevant:1 FolderPath:Lighting FolderGuid:0BA5F0A04EADB18E70D5B180D08FA34B
 |   |   |- [+] [ 14]
 |   |   |   |- Guid:6FEFB3BD4EB37B849EF0D4AC80F83855 BaseClass: NativeClass:/Script/Engine.WorldDataLayers Name:WorldDataLayers Label:WorldDataLayers SpatiallyLoaded:0 Bounds:IsValid=true, Min=(X=0.000 Y=0.000 Z=0.000), Max=(X=0.000 Y=0.000 Z=0.000) RuntimeGrid:None EditorOnly:0 RuntimeOnly:0 HLODRelevant:0
 |   |   |- [+] [ 15]
 |   |   |   |- Guid:CE8D82634660FCDB3120E2B8D547C533 BaseClass: NativeClass:/Script/Engine.PostProcessVolume Name:PostProcessVolume_0 Label:PostProcessVolume SpatiallyLoaded:0 Bounds:IsValid=true, Min=(X=0.000 Y=0.000 Z=400.000), Max=(X=200.000 Y=200.000 Z=600.000) RuntimeGrid:None EditorOnly:0 RuntimeOnly:0 HLODRelevant:0 FolderPath:Lighting FolderGuid:0BA5F0A04EADB18E70D5B180D08FA34B
 |   |   |- [+] [ 16]
 |   |   |   |- Guid:7D7AFB2445C76EEF908C58A6F7EBB35B BaseClass:/Game/Blueprints/BP_BoosterPickup.BP_BoosterPickup_C NativeClass:/Script/Engine.Actor Name:BP_BoosterPickup_C_UAID_30D042E92CDE1CEB01_1488634251 Label:BP_BoosterPickup SpatiallyLoaded:1 Bounds:IsValid=true, Min=(X=369.800 Y=1106.672 Z=292.024), Max=(X=430.458 Y=1162.835 Z=356.188) RuntimeGrid:None EditorOnly:0 RuntimeOnly:0 HLODRelevant:0
 |   |   |- [+] [ 17]
 |   |   |   |- Guid:EA138B844D2D91B7798FE8B9AFDF963D BaseClass: NativeClass:/Script/Engine.StaticMeshActor Name:StaticMeshActor_UAID_30D042E7E61974F101_1073933074 Label:SM_Pipe_Bent SpatiallyLoaded:1 Bounds:IsValid=true, Min=(X=-1601.784 Y=3182.111 Z=255.890), Max=(X=-1092.257 Y=3635.244 Z=571.000) RuntimeGrid:None EditorOnly:0 RuntimeOnly:0 HLODRelevant:1
 |   |   |- [+] [ 18]
 |   |   |   |- Guid:5DF3A51742D9A2C6F5DCA89BC30D42AC BaseClass: NativeClass:/Script/Engine.StaticMeshActor Name:StaticMeshActor_UAID_30D042E7E61973F101_2123223897 Label:SM_Pipe_Straight SpatiallyLoaded:1 Bounds:IsValid=true, Min=(X=-1319.312 Y=2233.332 Z=248.600), Max=(X=-1095.323 Y=3210.031 Z=574.965) RuntimeGrid:None EditorOnly:0 RuntimeOnly:0 HLODRelevant:1
 |   |   |- [+] [ 19]
 |   |   |   |- Guid:AD536206410D7A08815A1AB6BF141368 BaseClass:/Game/Blueprints/BP_BoosterPickup.BP_BoosterPickup_C NativeClass:/Script/Engine.Actor Name:BP_BoosterPickup_C_UAID_30D042E7E61978F101_1825398786 Label:BP_BoosterPickup2 SpatiallyLoaded:1 Bounds:IsValid=true, Min=(X=-1293.981 Y=2363.833 Z=1020.097), Max=(X=-1233.322 Y=2419.997 Z=1084.261) RuntimeGrid:None EditorOnly:0 RuntimeOnly:0 HLODRelevant:0
 |   |   |- [+] [ 20]
 |   |   |   |- Guid:88764A474BD54AAE78D17C81AAE9F279 BaseClass:/Game/Blueprints/BP_CielingLight.BP_CielingLight_C NativeClass:/Script/Engine.Actor Name:BP_CielingLight_C_UAID_30D042E7E61978F101_2034606787 Label:BP_CielingLight2 SpatiallyLoaded:1 Bounds:IsValid=true, Min=(X=-701.571 Y=2794.320 Z=963.825), Max=(X=-638.325 Y=2932.566 Z=1012.239) RuntimeGrid:None EditorOnly:0 RuntimeOnly:0 HLODRelevant:0
 |- ContainerInstances:
 |- [+] MainContainer:
 |   |-        ID: 0x0000000000000000
 |   |-    Bounds: IsValid=false, Min=(X=0.000 Y=0.000 Z=0.000), Max=(X=0.000 Y=0.000 Z=0.000)
 |   |- Transform: 0.000000,0.000000,0.000000|0.000000,0.000000,-0.000000|1.000000,1.000000,1.000000
 |   |- Container: /Game/FirstPerson/Maps/FirstPersonMap
----------------------------------------------------------------------------------------------------------------
FirstPersonMap - Persistent Level
----------------------------------------------------------------------------------------------------------------
Always loaded Actor Count: 95 

----------------------------------------------------------------------------------------------------------------
FirstPersonMap - Runtime Spatial Hash - Streaming Grid - MainGrid
----------------------------------------------------------------------------------------------------------------
            Origin: X=0.000 Y=0.000 Z=0.000
         Cell Size: 12800
      World Bounds: IsValid=false, Min=(X=0.000 Y=0.000 Z=0.000), Max=(X=0.000 Y=0.000 Z=0.000)
     Loading Range: 25600.00
Block Slow Loading: No
 ClientOnlyVisible: No

[+] Grid Levels: 1
 |- Level  0: Cell Count    0 | Cell Size   12800 | Actor Count    0 (0.0%)

[+] Content of Grid Level 0

